<?xml version="1.0" encoding="UTF-8"?>
<!-- Generated by org.testng.reporters.JUnitXMLReporter -->
<testsuite ignored="10" hostname="DESKTOP-AAIO3JI" failures="2" tests="7" name="Test" time="166.467" errors="0" timestamp="2023-03-23T13:15:35 IST">
  <testcase classname="testcases.verifyheader" name="header" time="14.616"/>
  <testcase classname="testcases.verifyfootertests" name="footer" time="64.627"/>
  <testcase classname="testcases.verifymenubarandaddcart" name="menu" time="24.404"/>
  <testcase classname="testcases.menubartestcase" name="menubar" time="19.756"/>
  <testcase classname="testcases.signuptestcase" name="signup" time="18.736"/>
  <testcase classname="testcases.logintestcase" name="login" time="24.226">
    <failure type="java.lang.AssertionError" message="The following asserts failed:
	error message not matching expected [Warning: Your account has exceeded allowed number of login attempts. Please try again in 1 .] but found [New Customer
Register Account
By creating an account you will be able to shop faster, be up to date on an order&amp;apos;s status, and keep track of the orders you have previously made.
Continue
Returning Customer
I am a returning customer
E-Mail Address
Password
Forgotten Password
Login
Register
Forgotten Password
My Account
Address Book
Wish List
Order History
Downloads
Recurring payments
Reward Points
Returns
Transactions
Newsletter]">
      <![CDATA[java.lang.AssertionError: The following asserts failed:
error message not matching expected [Warning: Your account has exceeded allowed number of login attempts. Please try again in 1 .] but found [New Customer
Register Account
By creating an account you will be able to shop faster, be up to date on an order's status, and keep track of the orders you have previously made.
Continue
Returning Customer
I am a returning customer
E-Mail Address
Password
Forgotten Password
Login
Register
Forgotten Password
My Account
Address Book
Wish List
Order History
Downloads
Recurring payments
Reward Points
Returns
Transactions
Newsletter]
at Resources.commonmethods.handleassertion(commonmethods.java:15)
at testcases.logintestcase.login(logintestcase.java:66)
at java.base/java.util.ArrayList.forEach(ArrayList.java:1511)
... Removed 29 stack frames]]>
    </failure>
  </testcase> <!-- login -->
  <testcase classname="testcases.logintestcase" name="login" time="24.242">
    <failure type="java.lang.IllegalArgumentException" message="ScreenCapture path must not be null or empty">
      <![CDATA[java.lang.IllegalArgumentException: ScreenCapture path must not be null or empty
at com.aventstack.extentreports.util.Assert.notEmpty(Assert.java:12)
at com.aventstack.extentreports.ExtentTest.addScreenCaptureFromPath(ExtentTest.java:1074)
at com.aventstack.extentreports.ExtentTest.addScreenCaptureFromPath(ExtentTest.java:1082)
at listeners.ListenerClass.onTestFailure(ListenerClass.java:33)
at java.base/java.util.ArrayList.forEach(ArrayList.java:1511)
... Removed 24 stack frames]]>
    </failure>
  </testcase> <!-- login -->
  <testcase classname="Resources.Baseclass" name="@AfterSuite Aftersuite" time="0.0">
    <ignored/>
  </testcase> <!-- @AfterSuite Aftersuite -->
  <testcase classname="Resources.Baseclass" name="@AfterSuite Aftersuite" time="0.0">
    <ignored/>
  </testcase> <!-- @AfterSuite Aftersuite -->
  <testcase classname="Resources.Baseclass" name="@AfterSuite Aftersuite" time="0.0">
    <ignored/>
  </testcase> <!-- @AfterSuite Aftersuite -->
  <testcase classname="Resources.Baseclass" name="@AfterSuite Aftersuite" time="0.0">
    <ignored/>
  </testcase> <!-- @AfterSuite Aftersuite -->
  <testcase classname="Resources.Baseclass" name="@AfterSuite Aftersuite" time="0.0">
    <ignored/>
  </testcase> <!-- @AfterSuite Aftersuite -->
  <testcase classname="Resources.Baseclass" name="@BeforeSuite Beforesuite" time="0.0">
    <ignored/>
  </testcase> <!-- @BeforeSuite Beforesuite -->
  <testcase classname="Resources.Baseclass" name="@BeforeSuite Beforesuite" time="0.0">
    <ignored/>
  </testcase> <!-- @BeforeSuite Beforesuite -->
  <testcase classname="Resources.Baseclass" name="@BeforeSuite Beforesuite" time="0.0">
    <ignored/>
  </testcase> <!-- @BeforeSuite Beforesuite -->
  <testcase classname="Resources.Baseclass" name="@BeforeSuite Beforesuite" time="0.0">
    <ignored/>
  </testcase> <!-- @BeforeSuite Beforesuite -->
  <testcase classname="Resources.Baseclass" name="@BeforeSuite Beforesuite" time="0.0">
    <ignored/>
  </testcase> <!-- @BeforeSuite Beforesuite -->
</testsuite> <!-- Test -->
