<?xml version="1.0" encoding="UTF-8"?>
<testng-results ignored="10" total="17" passed="7" failed="0" skipped="0">
  <reporter-output>
  </reporter-output>
  <suite started-at="2023-03-23T13:09:01 IST" name="Suite" finished-at="2023-03-23T13:12:18 IST" duration-ms="197613">
    <groups>
    </groups>
    <test started-at="2023-03-23T13:09:01 IST" name="Test" finished-at="2023-03-23T13:12:18 IST" duration-ms="197613">
      <class name="testcases.logintestcase">
        <test-method signature="login(java.lang.String,java.lang.String)[pri:0, instance:testcases.logintestcase@16d04d3d]" started-at="2023-03-23T13:11:31 IST" name="login" data-provider="testdata" finished-at="2023-03-23T13:11:56 IST" duration-ms="25293" status="PASS">
          <params>
            <param index="0">
              <value>
                <![CDATA[abhi123@gmail.com]]>
              </value>
            </param>
            <param index="1">
              <value>
                <![CDATA[abhi456]]>
              </value>
            </param>
          </params>
          <reporter-output>
          </reporter-output>
        </test-method> <!-- login -->
        <test-method is-config="true" signature="close()[pri:0, instance:testcases.logintestcase@16d04d3d]" started-at="2023-03-23T13:11:56 IST" name="close" finished-at="2023-03-23T13:11:56 IST" duration-ms="2" status="PASS">
          <reporter-output>
          </reporter-output>
        </test-method> <!-- close -->
        <test-method signature="login(java.lang.String,java.lang.String)[pri:0, instance:testcases.logintestcase@16d04d3d]" started-at="2023-03-23T13:11:56 IST" name="login" data-provider="testdata" finished-at="2023-03-23T13:12:18 IST" duration-ms="21880" status="PASS">
          <params>
            <param index="0">
              <value>
                <![CDATA[vishal101@gmail.com]]>
              </value>
            </param>
            <param index="1">
              <value>
                <![CDATA[vi@123]]>
              </value>
            </param>
          </params>
          <reporter-output>
          </reporter-output>
        </test-method> <!-- login -->
        <test-method is-config="true" signature="close()[pri:0, instance:testcases.logintestcase@16d04d3d]" started-at="2023-03-23T13:12:18 IST" name="close" finished-at="2023-03-23T13:12:18 IST" duration-ms="1" status="PASS">
          <reporter-output>
          </reporter-output>
        </test-method> <!-- close -->
      </class> <!-- testcases.logintestcase -->
      <class name="testcases.verifyheader">
        <test-method is-config="true" signature="Beforesuite()[pri:0, instance:testcases.verifyheader@595b007d]" started-at="2023-03-23T13:09:00 IST" name="Beforesuite" finished-at="2023-03-23T13:09:01 IST" duration-ms="415" status="PASS">
          <reporter-output>
          </reporter-output>
        </test-method> <!-- Beforesuite -->
        <test-method signature="header()[pri:0, instance:testcases.verifyheader@595b007d]" started-at="2023-03-23T13:09:01 IST" name="header" finished-at="2023-03-23T13:09:16 IST" duration-ms="15869" status="PASS">
          <reporter-output>
          </reporter-output>
        </test-method> <!-- header -->
        <test-method is-config="true" signature="close()[pri:0, instance:testcases.verifyheader@595b007d]" started-at="2023-03-23T13:09:16 IST" name="close" finished-at="2023-03-23T13:09:16 IST" duration-ms="0" status="PASS">
          <reporter-output>
          </reporter-output>
        </test-method> <!-- close -->
        <test-method is-config="true" signature="Aftersuite()[pri:0, instance:testcases.verifyheader@595b007d]" started-at="2023-03-23T13:12:18 IST" name="Aftersuite" finished-at="2023-03-23T13:12:19 IST" duration-ms="818" status="PASS">
          <reporter-output>
          </reporter-output>
        </test-method> <!-- Aftersuite -->
      </class> <!-- testcases.verifyheader -->
      <class name="testcases.verifyfootertests">
        <test-method signature="footer()[pri:0, instance:testcases.verifyfootertests@7e07db1f]" started-at="2023-03-23T13:09:16 IST" name="footer" finished-at="2023-03-23T13:10:21 IST" duration-ms="64377" status="PASS">
          <reporter-output>
          </reporter-output>
        </test-method> <!-- footer -->
        <test-method is-config="true" signature="close()[pri:0, instance:testcases.verifyfootertests@7e07db1f]" started-at="2023-03-23T13:10:21 IST" name="close" finished-at="2023-03-23T13:10:21 IST" duration-ms="1" status="PASS">
          <reporter-output>
          </reporter-output>
        </test-method> <!-- close -->
      </class> <!-- testcases.verifyfootertests -->
      <class name="testcases.verifymenubarandaddcart">
        <test-method signature="menu()[pri:0, instance:testcases.verifymenubarandaddcart@1189dd52]" started-at="2023-03-23T13:10:21 IST" name="menu" finished-at="2023-03-23T13:10:48 IST" duration-ms="27408" status="PASS">
          <reporter-output>
          </reporter-output>
        </test-method> <!-- menu -->
        <test-method is-config="true" signature="close()[pri:0, instance:testcases.verifymenubarandaddcart@1189dd52]" started-at="2023-03-23T13:10:48 IST" name="close" finished-at="2023-03-23T13:10:48 IST" duration-ms="0" status="PASS">
          <reporter-output>
          </reporter-output>
        </test-method> <!-- close -->
      </class> <!-- testcases.verifymenubarandaddcart -->
      <class name="testcases.signuptestcase">
        <test-method signature="signup()[pri:0, instance:testcases.signuptestcase@564fabc8]" started-at="2023-03-23T13:11:15 IST" name="signup" finished-at="2023-03-23T13:11:31 IST" duration-ms="15758" status="PASS">
          <reporter-output>
          </reporter-output>
        </test-method> <!-- signup -->
        <test-method is-config="true" signature="close()[pri:0, instance:testcases.signuptestcase@564fabc8]" started-at="2023-03-23T13:11:31 IST" name="close" finished-at="2023-03-23T13:11:31 IST" duration-ms="0" status="PASS">
          <reporter-output>
          </reporter-output>
        </test-method> <!-- close -->
      </class> <!-- testcases.signuptestcase -->
      <class name="testcases.menubartestcase">
        <test-method signature="menubar()[pri:0, instance:testcases.menubartestcase@36bc55de]" started-at="2023-03-23T13:10:48 IST" name="menubar" finished-at="2023-03-23T13:11:15 IST" duration-ms="26922" status="PASS">
          <reporter-output>
          </reporter-output>
        </test-method> <!-- menubar -->
        <test-method is-config="true" signature="close()[pri:0, instance:testcases.menubartestcase@36bc55de]" started-at="2023-03-23T13:11:15 IST" name="close" finished-at="2023-03-23T13:11:15 IST" duration-ms="1" status="PASS">
          <reporter-output>
          </reporter-output>
        </test-method> <!-- close -->
      </class> <!-- testcases.menubartestcase -->
    </test> <!-- Test -->
  </suite> <!-- Suite -->
</testng-results>
